[3292745, 3593479, 6616976, '5.69G', '3.20G', '2018-09-05 09:20:07']
[3292746, 3593479, 6616976, '5.69G', '3.20G', '2018-09-05 09:20:00']
[3292748, 3593479, 6616977, '5.69G', '3.20G', '2018-09-05 09:20:12']
Application is beginning ...... 
Application was finnished . 
[3311024, 3613559, 6660139, '5.69G', '3.20G', '2018-09-06 09:19:04']
[3311024, 3613559, 6660141, '5.69G', '3.20G', '2018-09-06 09:19:04']
[3311024, 3613561, 6660143, '5.69G', '3.20G', '2018-09-06 09:20:05']
Application is beginning ...... 
Application was finnished . 
[3329314, 3633754, 6703703, '5.72G', '3.23G', '2018-09-07 09:20:02']
[3329316, 3633754, 6703704, '5.72G', '3.23G', '2018-09-07 09:20:02']
[3329316, 3633754, 6703704, '5.72G', '3.23G', '2018-09-07 09:20:02']
Application is beginning ...... 
Application was finnished . 
[3347080, 3653427, 6746235, '5.72G', '3.23G', '2018-09-08 09:20:04']
[3347081, 3653428, 6746239, '5.96G', '3.44G', '2018-09-08 09:20:04']
[3347081, 3653428, 6746240, '5.98G', '3.40G', '2018-09-08 09:20:04']
Application is beginning ...... 
Application was finnished . 
[3362481, 3670498, 6783139, '5.72G', '3.23G', '2018-09-09 09:20:02']
[3362482, 3670500, 6783141, '5.97G', '3.44G', '2018-09-09 09:20:02']
[3362482, 3670500, 6783143, '6.08G', '3.48G', '2018-09-09 09:20:02']
Application is beginning ...... 
Application was finnished . 
[3377871, 3687555, 6819788, '5.72G', '3.23G', '2018-09-10 09:19:15']
[3377874, 3687559, 6819791, '5.99G', '3.44G', '2018-09-10 09:20:02']
[3377875, 3687559, 6819792, '6.09G', '3.48G', '2018-09-10 09:19:15']
Application is beginning ...... 
Application was finnished . 
[3395990, 3707732, 6866060, '5.72G', '3.23G', '2018-09-11 09:20:06']
[3395992, 3707732, 6866062, '5.99G', '3.44G', '2018-09-11 09:20:06']
[3395992, 3707733, 6866063, '6.09G', '3.48G', '2018-09-11 09:20:05']
Application is beginning ...... 
Application was finnished . 
[3413867, 3727448, 6908301, '5.72G', '3.23G', '2018-09-12 09:20:01']
[3413869, 3727448, 6908302, '5.99G', '3.44G', '2018-09-12 09:20:01']
[3413869, 3727449, 6908306, '6.10G', '3.48G', '2018-09-12 09:20:05']
Application is beginning ...... 
Application was finnished . 
[3431262, 3746810, 6949777, '5.72G', '3.23G', '2018-09-13 09:19:11']
[3431263, 3746812, 6949780, '6.05G', '3.47G', '2018-09-13 09:20:03']
[3431264, 3746815, 6949783, '6.10G', '3.48G', '2018-09-13 09:20:10']
Application is beginning ...... 
Application was finnished . 
[3448534, 3765962, 6990879, '5.72G', '3.23G', '2018-09-14 09:19:15']
[3448535, 3765962, 6990879, '6.06G', '3.47G', '2018-09-14 09:19:15']
[3448535, 3765962, 6990879, '6.16G', '3.51G', '2018-09-14 09:19:15']
Application is beginning ...... 
Application was finnished . 
[3466978, 3786645, 7035604, '5.72G', '3.23G', '2018-09-15 09:20:04']
[3466979, 3786645, 7035604, '6.06G', '3.47G', '2018-09-15 09:20:05']
[3466981, 3786646, 7035607, '6.16G', '3.51G', '2018-09-15 09:20:05']
Application is beginning ...... 
Application was finnished . 
[3482796, 3804394, 7073692, '5.72G', '3.23G', '2018-09-16 09:19:10']
[3482796, 3804394, 7073692, '6.09G', '3.48G', '2018-09-16 09:19:10']
[3482796, 3804394, 7073692, '6.17G', '3.51G', '2018-09-16 09:19:10']
Application is beginning ...... 
Application was finnished . 
[3494310, 3816702, 7099716, '5.72G', '3.23G', '2018-09-17 09:20:00']
[3494311, 3816703, 7099717, '6.13G', '3.49G', '2018-09-17 09:20:08']
[3494312, 3816704, 7099719, '6.17G', '3.51G', '2018-09-17 09:20:08']
Application is beginning ...... 
Application was finnished . 
[3512672, 3837394, 7144021, '5.73G', '3.23G', '2018-09-18 09:19:13']
[3512673, 3837394, 7144023, '6.13G', '3.49G', '2018-09-18 09:19:13']
[3512673, 3837394, 7144025, '6.18G', '3.51G', '2018-09-18 09:19:13']
Application is beginning ...... 
Application was finnished . 
<class 'int'>
[3593397, 3927164, 7337493, '6.55G', '3.91G', '2018-09-22 09:19:15']
[3593399, 3927165, 7337496, '6.13G', '3.49G', '2018-09-22 09:20:03']
[3593402, 3927167, 7337497, '6.36G', '3.59G', '2018-09-22 09:20:03']
健康 健康
Application is beginning ...... 
Application was finnished . 
<class 'int'>
[3613295, 3949161, 7384604, '6.55G', '3.91G', '2018-09-23 09:19:13']
[3613295, 3949163, 7384607, '6.13G', '3.49G', '2018-09-23 09:19:51']
[3613297, 3949163, 7384609, '6.36G', '3.59G', '2018-09-23 09:19:51']
健康 健康
Application is beginning ...... 
Application was finnished . 
<class 'int'>
[3632446, 3970102, 7429004, '6.55G', '3.91G', '2018-09-24 09:19:41']
[3632446, 3970104, 7429008, '6.13G', '3.49G', '2018-09-24 09:20:03']
[3632449, 3970106, 7429009, '6.38G', '3.61G', '2018-09-24 09:20:03']
健康 健康
Application is beginning ...... 
Application was finnished . 
<class 'int'>
[3649017, 3988151, 7467456, '6.55G', '3.91G', '2018-09-25 09:19:15']
[3649018, 3988152, 7467458, '6.26G', '3.55G', '2018-09-25 09:20:02']
[3649019, 3988153, 7467462, '6.39G', '3.61G', '2018-09-25 09:20:05']
健康 健康
Application is beginning ...... 
Application was finnished . 
